<?xml version="1.0" encoding="UTF-8"?>
<!-- Generated by org.testng.reporters.JUnitXMLReporter -->
<testsuite hostname="Shivansh-PC" ignored="6" name="Test" tests="1" failures="0" timestamp="10 May 2022 02:41:34 GMT" time="23.32" errors="0">
  <testcase name="main" time="23.273" classname="testcase.DropdownNotUnderSelectTag"/>
  <testcase name="third" time="0.0" classname="testcase.ParallelExecution">
    <ignored/>
  </testcase> <!-- third -->
  <testcase name="fourth" time="0.0" classname="testcase.ParallelExecution">
    <ignored/>
  </testcase> <!-- fourth -->
  <testcase name="fifth" time="0.0" classname="testcase.ParallelExecution">
    <ignored/>
  </testcase> <!-- fifth -->
  <testcase name="first" time="0.0" classname="testcase.ParallelExecution">
    <ignored/>
  </testcase> <!-- first -->
  <testcase name="six" time="0.0" classname="testcase.ParallelExecution">
    <ignored/>
  </testcase> <!-- six -->
  <testcase name="second" time="0.0" classname="testcase.ParallelExecution">
    <ignored/>
  </testcase> <!-- second -->
</testsuite> <!-- Test -->
