<?xml version="1.0" encoding="UTF-8"?>
<!-- Generated by org.testng.reporters.JUnitXMLReporter -->
<testsuite hostname="Shivansh-PC" ignored="3" name="Test" tests="2" failures="0" timestamp="07 May 2022 02:40:19 GMT" time="0.088" errors="0">
  <testcase name="fifth" time="0.024" classname="testcase.ExecuteTestInGroup"/>
  <testcase name="fourth" time="0.003" classname="testcase.ExecuteTestInGroup"/>
  <testcase name="second" time="0.0" classname="testcase.ExecuteTestInGroup">
    <ignored/>
  </testcase> <!-- second -->
  <testcase name="first" time="0.0" classname="testcase.ExecuteTestInGroup">
    <ignored/>
  </testcase> <!-- first -->
  <testcase name="third" time="0.0" classname="testcase.ExecuteTestInGroup">
    <ignored/>
  </testcase> <!-- third -->
</testsuite> <!-- Test -->
