<?xml version="1.0" encoding="UTF-8"?>
<testng-results skipped="0" failed="0" ignored="0" total="1" passed="1">
  <reporter-output>
  </reporter-output>
  <suite name="Default suite" duration-ms="19436" started-at="2022-05-08T03:34:28Z" finished-at="2022-05-08T03:34:47Z">
    <groups>
    </groups>
    <test name="Default test" duration-ms="19436" started-at="2022-05-08T03:34:28Z" finished-at="2022-05-08T03:34:47Z">
      <class name="testcase.DropdownNotUnderSelectTag">
        <test-method status="PASS" signature="main()[pri:0, instance:testcase.DropdownNotUnderSelectTag@6e1567f1]" name="main" duration-ms="19393" started-at="2022-05-08T03:34:28Z" finished-at="2022-05-08T03:34:47Z">
          <reporter-output>
          </reporter-output>
        </test-method> <!-- main -->
      </class> <!-- testcase.DropdownNotUnderSelectTag -->
    </test> <!-- Default test -->
  </suite> <!-- Default suite -->
</testng-results>
